build/app/outputs/mapping/release/seeds.txt
com.jafton.morphzing.MainActivity: MainActivity()
com.jafton.morphzing.MainActivity
...
androidx.core.content.res.ResourcesCompat$Api23Impl: android.content.res.ColorStateList getColorStateList(android.content.res.Resources,int,android.content.res.Resources$Theme)
androidx.core.view.accessibility.AccessibilityRecordCompat$Api15Impl: int getMaxScrollY(android.view.accessibility.AccessibilityRecord)
com.google.android.gms.internal.measurement.zzfe: com.google.android.gms.internal.measurement.zzkl zzi
androidx.window.layout.WindowMetricsCalculator$Companion$overrideDecorator$1: WindowMetricsCalculator$Companion$overrideDecorator$1(java.lang.Object)
androidx.media.AudioAttributesImpl
androidx.window.layout.FoldingFeature
androidx.window.embedding.ExtensionEmbeddingBackend$Companion
androidx.window.core.Version: kotlin.Lazy bigInteger$delegate
kotlinx.coroutines.LazyStandaloneCoroutine
com.facebook.appevents.cloudbridge.OtherEventConstants: com.facebook.appevents.cloudbridge.OtherEventConstants valueOf(java.lang.String)
com.google.android.gms.internal.measurement.zzex: int zze
androidx.appcompat.widget.AppCompatImageButton: android.graphics.PorterDuff$Mode getSupportImageTintMode()
androidx.vectordrawable.graphics.drawable.VectorDrawableCompat$VectorDrawableDelegateState
androidx.window.layout.WindowInfoTracker$Companion: void reset()
androidx.core.widget.TextViewCompat$Api16Impl: int getMaxLines(android.widget.TextView)
androidx.core.view.ViewCompat$Api21Impl: float getElevation(android.view.View)
kotlin.jvm.internal.CallableReference: boolean isFinal()
androidx.media.AudioAttributesImplApi26: AudioAttributesImplApi26()
com.google.android.gms.internal.measurement.zzgc: long zzO
androidx.core.widget.TextViewCompat$Api28Impl: android.text.PrecomputedText$Params getTextMetricsParams(android.widget.TextView)
androidx.window.core.Version: int compareTo(androidx.window.core.Version)
kotlinx.coroutines.internal.LockFreeLinkedListNode: java.lang.Object _next
androidx.appcompat.widget.ActionBarOverlayLayout: void setOverlayMode(boolean)
com.google.android.gms.internal.firebase-auth-api.zzmz: com.google.android.gms.internal.firebase-auth-api.zzmz zzb
androidx.window.embedding.EmbeddingCompat: androidx.window.embedding.EmbeddingAdapter adapter
androidx.activity.result.IntentSenderRequest: android.os.Parcelable$Creator CREATOR
kotlin.text.Regex$Serialized
com.google.android.gms.internal.measurement.zzfc: boolean zzh
androidx.media.AudioAttributesImplApi21Parcelizer: androidx.media.AudioAttributesImplApi21 read(androidx.versionedparcelable.VersionedParcel)
com.google.android.gms.internal.measurement.zzfw: long zzh
androidx.core.view.ViewGroupCompat$Api21Impl: int getNestedScrollAxes(android.view.ViewGroup)
androidx.vectordrawable.graphics.drawable.VectorDrawableCompat$VFullPath: void setFillColor(int)
com.google.android.gms.internal.measurement.zzgj
androidx.window.layout.SidecarWindowBackend$ExtensionListenerImpl
io.flutter.embedding.android.FlutterSplashView$SavedState: android.os.Bundle splashScreenState
androidx.window.R$styleable: int SplitPlaceholderRule_placeholderActivityName
androidx.appcompat.widget.AppCompatCheckBox
io.flutter.embedding.engine.renderer.SurfaceTextureWrapper: SurfaceTextureWrapper(android.graphics.SurfaceTexture,java.lang.Runnable)
androidx.window.layout.WindowLayoutInfo: boolean equals(java.lang.Object)
androidx.window.core.Bounds: int bottom
androidx.lifecycle.Lifecycle$Event: androidx.lifecycle.Lifecycle$Event ON_STOP
androidx.appcompat.widget.AppCompatButton: void setSupportBackgroundTintList(android.content.res.ColorStateList)
kotlinx.coroutines.internal.LockFreeTaskQueueCore
kotlin.coroutines.jvm.internal.BaseContinuationImpl: java.lang.StackTraceElement getStackTraceElement()
androidx.core.app.NavUtils$Api16Impl: boolean shouldUpRecreateTask(android.app.Activity,android.content.Intent)
androidx.window.layout.WindowMetricsCalculator: androidx.window.layout.WindowMetrics computeCurrentWindowMetrics(android.app.Activity)
com.google.android.gms.internal.measurement.zzfa: java.lang.String zzf