build/app/outputs/mapping/release/mapping.txt
# compiler: R8
# compiler_version: 2.1.62
# min_api: 19
# pg_map_id: 62431c5
# common_typos_disable
...
com.google.android.gms.internal.firebase-auth-api.zzxx -> g.c.a.b.d.g.cs:
    android.content.Context zzb -> a
    com.google.android.gms.common.logging.Logger zza -> d
    java.util.concurrent.ScheduledExecutorService zzc -> b
    java.util.HashMap zzd -> c
    com.google.android.gms.common.logging.Logger zza() -> a
    java.lang.String zzb(java.lang.String) -> b
    java.lang.String zzc() -> c
    java.util.HashMap zzd(com.google.android.gms.internal.firebase-auth-api.zzxx) -> d
    void zze(com.google.android.gms.internal.firebase-auth-api.zzxx,java.lang.String) -> e
    void zzf(com.google.android.gms.internal.firebase-auth-api.zzxx,java.lang.String) -> f
    void zzg(com.google.android.gms.internal.firebase-auth-api.zzxx,java.lang.String) -> g
    void zzh(java.lang.String) -> h
    void zzi(com.google.android.gms.internal.firebase-auth-api.zzwc,java.lang.String) -> i
    void zzj(java.lang.String) -> j
    void zzk(java.lang.String,com.google.android.gms.internal.firebase-auth-api.zzwc,long,boolean) -> k
    boolean zzl(java.lang.String) -> l
    java.lang.String zzm(java.lang.String,java.lang.String) -> m
    void zzn(java.lang.String) -> n
    void zzo(java.lang.String) -> o
com.google.android.gms.internal.firebase-auth-api.zzxy -> g.c.a.b.d.g.ds:
    java.lang.String zza(java.lang.String) -> a
com.google.android.gms.internal.firebase-auth-api.zzxz -> g.c.a.b.d.g.es:
    java.lang.String zza -> a
    int zzb -> b
    int zza() -> a
    java.lang.String zzb() -> b
com.google.android.gms.internal.firebase-auth-api.zzy -> g.c.a.b.d.g.fs:
    int zza(int,int,java.lang.String) -> a
    int zzb(int,int,java.lang.String) -> b
    void zzc(int,int,int) -> c
    java.lang.String zzd(int,int,java.lang.String) -> d
com.google.android.gms.internal.firebase-auth-api.zzya -> g.c.a.b.d.g.gs:
    void zzi() -> h
com.google.android.gms.internal.firebase-auth-api.zzyb -> g.c.a.b.d.g.hs:
    java.util.Map zza -> a
    java.util.Map zzb -> b
    java.lang.String zza(java.lang.String) -> a
    java.lang.String zzb(java.lang.String) -> b
    java.lang.String zzc(java.lang.String) -> c
    java.lang.String zzd(java.lang.String) -> d
    void zze(java.lang.String,com.google.android.gms.internal.firebase-auth-api.zzya) -> e
    void zzf(com.google.firebase.FirebaseApp,java.lang.String,int) -> f
    boolean zzg(com.google.firebase.FirebaseApp) -> g
    java.lang.String zzh(java.lang.String,int,boolean) -> h
com.google.android.gms.internal.firebase-auth-api.zzyc -> g.c.a.b.d.g.is:
    java.lang.String zza -> a
    org.json.JSONObject zza() -> a
com.google.android.gms.internal.firebase-auth-api.zzyd -> g.c.a.b.d.g.js:
    java.lang.String zzb -> o
    java.lang.String zza -> p
    com.google.android.gms.internal.firebase-auth-api.zzyd zzb(java.lang.String) -> a
    java.lang.String zzc() -> b
    boolean zzd() -> c
    com.google.android.gms.internal.firebase-auth-api.zzwp zza(java.lang.String) -> g
com.google.android.gms.internal.firebase-auth-api.zzye -> g.c.a.b.d.g.ks:
    java.lang.String zza -> o
    java.lang.String zzc -> q
    java.lang.String zzb -> p
    java.lang.String zza() -> a
com.google.android.gms.internal.firebase-auth-api.zzyf -> g.c.a.b.d.g.ls:
    boolean zzc -> p
    java.util.List zzg -> t
    java.lang.String zzb -> o
    java.lang.String zzd -> q
    com.google.android.gms.internal.firebase-auth-api.zzzy zzf -> s
    boolean zze -> r
    java.lang.String zza -> u
    java.util.List zzb() -> O
    com.google.android.gms.internal.firebase-auth-api.zzwp zza(java.lang.String) -> g
com.google.android.gms.internal.firebase-auth-api.zzyg -> g.c.a.b.d.g.ms:
com.google.android.gms.internal.firebase-auth-api.zzyh -> g.c.a.b.d.g.ns:
    java.lang.String zza -> o
    java.lang.String zza() -> a
com.google.android.gms.internal.firebase-auth-api.zzyi -> g.c.a.b.d.g.os:
    java.lang.String zzc -> o
    java.lang.String zze -> q
    java.lang.String zzd -> p
    java.lang.String zza() -> a