build/app/outputs/mapping/release/usage.txt
com.jafton.morphzing.R$color
com.jafton.morphzing.R$string
com.jafton.morphzing.R$layout
com.jafton.morphzing.R$style
com.jafton.morphzing.R$dimen
com.jafton.morphzing.R$id
com.jafton.morphzing.R$bool
com.jafton.morphzing.R
com.jafton.morphzing.R$attr
com.jafton.morphzing.BuildConfig
com.jafton.morphzing.R$xml
com.jafton.morphzing.R$interpolator
com.jafton.morphzing.R$integer
com.jafton.morphzing.R$drawable
com.jafton.morphzing.R$styleable
com.jafton.morphzing.R$mipmap
com.jafton.morphzing.R$anim
com.jafton.morphzing.R$raw
com.jafton.morphzing.R$animator
...
kotlin.jvm.internal.markers.KMutableIterable
com.google.common.collect.Sets$5
com.google.android.gms.actions.NoteIntents
com.google.android.gms.auth.api.accounttransfer.zzd
com.google.common.collect.RegularImmutableAsList
kotlinx.coroutines.selects.SelectClause2
androidx.core.transition.TransitionKt$addListener$4
com.google.android.gms.internal.auth-api.zbay
com.facebook.appevents.AppEventsConstants
androidx.loader.app.LoaderManagerImpl:
    public androidx.loader.content.Loader restartLoader(int,android.os.Bundle,androidx.loader.app.LoaderManager$LoaderCallbacks)
    public void destroyLoader(int)
    public androidx.loader.content.Loader getLoader(int)
    public boolean hasRunningLoaders()
    static final java.lang.String TAG
kotlin.text.CharDirectionality$Companion$directionalityMap$2
androidx.exifinterface.media.ExifInterfaceUtils:
    private void <init>()
    static long parseSubSeconds(java.lang.String)
    private static final java.lang.String TAG
com.facebook.share.model.ShareStoryContent$Companion$CREATOR$1
com.google.firebase.installations.FirebaseInstallationsException:
    public void <init>(java.lang.String,com.google.firebase.installations.FirebaseInstallationsException$Status,java.lang.Throwable)
    public com.google.firebase.installations.FirebaseInstallationsException$Status getStatus()
com.facebook.internal.FacebookDialogFragment:
    public final android.app.Dialog getInnerDialog()
    public static final java.lang.String TAG
com.google.android.gms.common.data.Freezable
androidx.appcompat.app.WindowDecorActionBar$ActionModeImpl:
    public void onCloseMenu(androidx.appcompat.view.menu.MenuBuilder,boolean)
    public boolean onSubMenuSelected(androidx.appcompat.view.menu.SubMenuBuilder)
    public void onCloseSubMenu(androidx.appcompat.view.menu.SubMenuBuilder)
io.flutter.view.FlutterNativeView$1
kotlin.UByteArray$Iterator
kotlin.comparisons.ComparisonsKt__ComparisonsKt$nullsFirst$1
kotlin.sequences.SequencesKt___SequencesKt$requireNoNulls$1
kotlinx.coroutines.channels.ArrayBroadcastChannel$Subscriber
kotlinx.coroutines.sync.Mutex$DefaultImpls
com.google.common.hash.MessageDigestHashFunction$MessageDigestHasher
androidx.core.graphics.drawable.IconCompat:
    public static androidx.core.graphics.drawable.IconCompat createWithResource(android.content.Context,int)
    public static androidx.core.graphics.drawable.IconCompat createWithBitmap(android.graphics.Bitmap)
    public static androidx.core.graphics.drawable.IconCompat createWithAdaptiveBitmap(android.graphics.Bitmap)
    public static androidx.core.graphics.drawable.IconCompat createWithData(byte[],int,int)
    private android.graphics.drawable.Drawable loadDrawableInner(android.content.Context)
    static android.content.res.Resources getResources(android.content.Context,java.lang.String)
    public static androidx.core.graphics.drawable.IconCompat createFromBundle(android.os.Bundle)
    public static androidx.core.graphics.drawable.IconCompat createFromIcon(android.content.Context,android.graphics.drawable.Icon)
    public static androidx.core.graphics.drawable.IconCompat createFromIconOrNullIfZeroResId(android.graphics.drawable.Icon)
    public android.graphics.Bitmap getBitmap()
    public androidx.core.graphics.drawable.IconCompat setTint(int)
    public androidx.core.graphics.drawable.IconCompat setTintList(android.content.res.ColorStateList)
    public androidx.core.graphics.drawable.IconCompat setTintMode(android.graphics.PorterDuff$Mode)
    public void checkResource(android.content.Context)
    public android.graphics.drawable.Drawable loadDrawable(android.content.Context)
com.google.common.util.concurrent.TrustedListenableFutureTask$TrustedFutureInterruptibleAsyncTask
androidx.legacy.v4.R$drawable